<?xml version="1.0" encoding="UTF-8" standalone="yes"?><!DOCTYPE report PUBLIC "-//JACOCO//DTD Report 1.1//EN" "report.dtd"><report name="TarjetaFidelidad"><sessioninfo id="LAPTOP-7NF64KUV-4fe0187" start="1751996654503" dump="1751996656728"/><sessioninfo id="LAPTOP-7NF64KUV-ecab63a8" start="1751997848634" dump="1751997851891"/><sessioninfo id="LAPTOP-7NF64KUV-330fb72a" start="1751997858932" dump="1751997861369"/><package name="com/fidelidad"><class name="com/fidelidad/Cliente" sourcefilename="Cliente.java"><method name="&lt;init&gt;" desc="(Ljava/lang/String;Ljava/lang/String;Ljava/lang/String;)V" line="11"><counter type="INSTRUCTION" missed="0" covered="30"/><counter type="BRANCH" missed="0" covered="2"/><counter type="LINE" missed="0" covered="10"/><counter type="COMPLEXITY" missed="0" covered="2"/><counter type="METHOD" missed="0" covered="1"/></method><method name="getId" desc="()Ljava/lang/String;" line="23"><counter type="INSTRUCTION" missed="0" covered="3"/><counter type="LINE" missed="0" covered="1"/><counter type="COMPLEXITY" missed="0" covered="1"/><counter type="METHOD" missed="0" covered="1"/></method><method name="getNombre" desc="()Ljava/lang/String;" line="24"><counter type="INSTRUCTION" missed="0" covered="3"/><counter type="LINE" missed="0" covered="1"/><counter type="COMPLEXITY" missed="0" covered="1"/><counter type="METHOD" missed="0" covered="1"/></method><method name="getCorreo" desc="()Ljava/lang/String;" line="25"><counter type="INSTRUCTION" missed="0" covered="3"/><counter type="LINE" missed="0" covered="1"/><counter type="COMPLEXITY" missed="0" covered="1"/><counter type="METHOD" missed="0" covered="1"/></method><method name="getPuntos" desc="()I" line="26"><counter type="INSTRUCTION" missed="0" covered="3"/><counter type="LINE" missed="0" covered="1"/><counter type="COMPLEXITY" missed="0" covered="1"/><counter type="METHOD" missed="0" covered="1"/></method><method name="getNivel" desc="()Lcom/fidelidad/NivelFidelidad;" line="27"><counter type="INSTRUCTION" missed="0" covered="3"/><counter type="LINE" missed="0" covered="1"/><counter type="COMPLEXITY" missed="0" covered="1"/><counter type="METHOD" missed="0" covered="1"/></method><method name="getStreakDias" desc="()I" line="28"><counter type="INSTRUCTION" missed="0" covered="3"/><counter type="LINE" missed="0" covered="1"/><counter type="COMPLEXITY" missed="0" covered="1"/><counter type="METHOD" missed="0" covered="1"/></method><method name="setPuntos" desc="(I)V" line="30"><counter type="INSTRUCTION" missed="0" covered="4"/><counter type="LINE" missed="0" covered="1"/><counter type="COMPLEXITY" missed="0" covered="1"/><counter type="METHOD" missed="0" covered="1"/></method><method name="setNivel" desc="(Lcom/fidelidad/NivelFidelidad;)V" line="31"><counter type="INSTRUCTION" missed="0" covered="4"/><counter type="LINE" missed="0" covered="1"/><counter type="COMPLEXITY" missed="0" covered="1"/><counter type="METHOD" missed="0" covered="1"/></method><method name="setStreakDias" desc="(I)V" line="32"><counter type="INSTRUCTION" missed="4" covered="0"/><counter type="LINE" missed="1" covered="0"/><counter type="COMPLEXITY" missed="1" covered="0"/><counter type="METHOD" missed="1" covered="0"/></method><counter type="INSTRUCTION" missed="4" covered="56"/><counter type="BRANCH" missed="0" covered="2"/><counter type="LINE" missed="1" covered="18"/><counter type="COMPLEXITY" missed="1" covered="10"/><counter type="METHOD" missed="1" covered="9"/><counter type="CLASS" missed="0" covered="1"/></class><class name="com/fidelidad/NivelFidelidad" sourcefilename="NivelFidelidad.java"><method name="&lt;init&gt;" desc="(Ljava/lang/String;IIID)V" line="13"><counter type="INSTRUCTION" missed="0" covered="14"/><counter type="LINE" missed="0" covered="5"/><counter type="COMPLEXITY" missed="0" covered="1"/><counter type="METHOD" missed="0" covered="1"/></method><method name="calcularNivel" desc="(I)Lcom/fidelidad/NivelFidelidad;" line="20"><counter type="INSTRUCTION" missed="2" covered="26"/><counter type="BRANCH" missed="2" covered="4"/><counter type="LINE" missed="1" covered="2"/><counter type="COMPLEXITY" missed="2" covered="2"/><counter type="METHOD" missed="0" covered="1"/></method><method name="getMultiplicador" desc="()D" line="27"><counter type="INSTRUCTION" missed="0" covered="3"/><counter type="LINE" missed="0" covered="1"/><counter type="COMPLEXITY" missed="0" covered="1"/><counter type="METHOD" missed="0" covered="1"/></method><method name="&lt;clinit&gt;" desc="()V" line="3"><counter type="INSTRUCTION" missed="0" covered="39"/><counter type="LINE" missed="0" covered="5"/><counter type="COMPLEXITY" missed="0" covered="1"/><counter type="METHOD" missed="0" covered="1"/></method><counter type="INSTRUCTION" missed="2" covered="82"/><counter type="BRANCH" missed="2" covered="4"/><counter type="LINE" missed="1" covered="13"/><counter type="COMPLEXITY" missed="2" covered="5"/><counter type="METHOD" missed="0" covered="4"/><counter type="CLASS" missed="0" covered="1"/></class><class name="com/fidelidad/ClienteRepository" sourcefilename="ClienteRepository.java"><method name="&lt;init&gt;" desc="()V" line="5"><counter type="INSTRUCTION" missed="0" covered="8"/><counter type="LINE" missed="0" covered="2"/><counter type="COMPLEXITY" missed="0" covered="1"/><counter type="METHOD" missed="0" covered="1"/></method><method name="agregar" desc="(Lcom/fidelidad/Cliente;)V" line="9"><counter type="INSTRUCTION" missed="0" covered="8"/><counter type="LINE" missed="0" covered="2"/><counter type="COMPLEXITY" missed="0" covered="1"/><counter type="METHOD" missed="0" covered="1"/></method><method name="buscar" desc="(Ljava/lang/String;)Lcom/fidelidad/Cliente;" line="13"><counter type="INSTRUCTION" missed="0" covered="6"/><counter type="LINE" missed="0" covered="1"/><counter type="COMPLEXITY" missed="0" covered="1"/><counter type="METHOD" missed="0" covered="1"/></method><method name="listar" desc="()Ljava/util/List;" line="17"><counter type="INSTRUCTION" missed="7" covered="0"/><counter type="LINE" missed="1" covered="0"/><counter type="COMPLEXITY" missed="1" covered="0"/><counter type="METHOD" missed="1" covered="0"/></method><method name="eliminar" desc="(Ljava/lang/String;)V" line="21"><counter type="INSTRUCTION" missed="6" covered="0"/><counter type="LINE" missed="2" covered="0"/><counter type="COMPLEXITY" missed="1" covered="0"/><counter type="METHOD" missed="1" covered="0"/></method><method name="actualizar" desc="(Lcom/fidelidad/Cliente;)V" line="25"><counter type="INSTRUCTION" missed="8" covered="0"/><counter type="LINE" missed="2" covered="0"/><counter type="COMPLEXITY" missed="1" covered="0"/><counter type="METHOD" missed="1" covered="0"/></method><counter type="INSTRUCTION" missed="21" covered="22"/><counter type="LINE" missed="5" covered="5"/><counter type="COMPLEXITY" missed="3" covered="3"/><counter type="METHOD" missed="3" covered="3"/><counter type="CLASS" missed="0" covered="1"/></class><class name="com/fidelidad/Compra" sourcefilename="Compra.java"><method name="&lt;init&gt;" desc="(Ljava/lang/String;Ljava/lang/String;DLjava/time/LocalDate;)V" line="11"><counter type="INSTRUCTION" missed="0" covered="15"/><counter type="LINE" missed="0" covered="6"/><counter type="COMPLEXITY" missed="0" covered="1"/><counter type="METHOD" missed="0" covered="1"/></method><method name="getIdCompra" desc="()Ljava/lang/String;" line="18"><counter type="INSTRUCTION" missed="3" covered="0"/><counter type="LINE" missed="1" covered="0"/><counter type="COMPLEXITY" missed="1" covered="0"/><counter type="METHOD" missed="1" covered="0"/></method><method name="getIdCliente" desc="()Ljava/lang/String;" line="19"><counter type="INSTRUCTION" missed="0" covered="3"/><counter type="LINE" missed="0" covered="1"/><counter type="COMPLEXITY" missed="0" covered="1"/><counter type="METHOD" missed="0" covered="1"/></method><method name="getMonto" desc="()D" line="20"><counter type="INSTRUCTION" missed="0" covered="3"/><counter type="LINE" missed="0" covered="1"/><counter type="COMPLEXITY" missed="0" covered="1"/><counter type="METHOD" missed="0" covered="1"/></method><method name="getFecha" desc="()Ljava/time/LocalDate;" line="21"><counter type="INSTRUCTION" missed="0" covered="3"/><counter type="LINE" missed="0" covered="1"/><counter type="COMPLEXITY" missed="0" covered="1"/><counter type="METHOD" missed="0" covered="1"/></method><counter type="INSTRUCTION" missed="3" covered="24"/><counter type="LINE" missed="1" covered="9"/><counter type="COMPLEXITY" missed="1" covered="4"/><counter type="METHOD" missed="1" covered="4"/><counter type="CLASS" missed="0" covered="1"/></class><class name="com/fidelidad/App" sourcefilename="App.java"><method name="&lt;init&gt;" desc="()V" line="7"><counter type="INSTRUCTION" missed="3" covered="0"/><counter type="LINE" missed="1" covered="0"/><counter type="COMPLEXITY" missed="1" covered="0"/><counter type="METHOD" missed="1" covered="0"/></method><method name="main" desc="([Ljava/lang/String;)V" line="11"><counter type="INSTRUCTION" missed="4" covered="0"/><counter type="LINE" missed="2" covered="0"/><counter type="COMPLEXITY" missed="1" covered="0"/><counter type="METHOD" missed="1" covered="0"/></method><counter type="INSTRUCTION" missed="7" covered="0"/><counter type="LINE" missed="3" covered="0"/><counter type="COMPLEXITY" missed="2" covered="0"/><counter type="METHOD" missed="2" covered="0"/><counter type="CLASS" missed="1" covered="0"/></class><class name="com/fidelidad/FidelidadService" sourcefilename="FidelidadService.java"><method name="&lt;init&gt;" desc="(Lcom/fidelidad/ClienteRepository;)V" line="10"><counter type="INSTRUCTION" missed="0" covered="11"/><counter type="LINE" missed="0" covered="4"/><counter type="COMPLEXITY" missed="0" covered="1"/><counter type="METHOD" missed="0" covered="1"/></method><method name="registrarCompra" desc="(Lcom/fidelidad/Compra;)V" line="16"><counter type="INSTRUCTION" missed="5" covered="74"/><counter type="BRANCH" missed="1" covered="3"/><counter type="LINE" missed="0" covered="17"/><counter type="COMPLEXITY" missed="1" covered="2"/><counter type="METHOD" missed="0" covered="1"/></method><method name="lambda$registrarCompra$0" desc="(Lcom/fidelidad/Compra;Lcom/fidelidad/Compra;)Z" line="31"><counter type="INSTRUCTION" missed="0" covered="6"/><counter type="LINE" missed="0" covered="1"/><counter type="COMPLEXITY" missed="0" covered="1"/><counter type="METHOD" missed="0" covered="1"/></method><counter type="INSTRUCTION" missed="5" covered="91"/><counter type="BRANCH" missed="1" covered="3"/><counter type="LINE" missed="0" covered="21"/><counter type="COMPLEXITY" missed="1" covered="4"/><counter type="METHOD" missed="0" covered="3"/><counter type="CLASS" missed="0" covered="1"/></class><sourcefile name="Cliente.java"><line nr="11" mi="0" ci="2" mb="0" cb="0"/><line nr="12" mi="0" ci="4" mb="0" cb="2"/><line nr="13" mi="0" ci="5" mb="0" cb="0"/><line nr="15" mi="0" ci="3" mb="0" cb="0"/><line nr="16" mi="0" ci="3" mb="0" cb="0"/><line nr="17" mi="0" ci="3" mb="0" cb="0"/><line nr="18" mi="0" ci="3" mb="0" cb="0"/><line nr="19" mi="0" ci="3" mb="0" cb="0"/><line nr="20" mi="0" ci="3" mb="0" cb="0"/><line nr="21" mi="0" ci="1" mb="0" cb="0"/><line nr="23" mi="0" ci="3" mb="0" cb="0"/><line nr="24" mi="0" ci="3" mb="0" cb="0"/><line nr="25" mi="0" ci="3" mb="0" cb="0"/><line nr="26" mi="0" ci="3" mb="0" cb="0"/><line nr="27" mi="0" ci="3" mb="0" cb="0"/><line nr="28" mi="0" ci="3" mb="0" cb="0"/><line nr="30" mi="0" ci="4" mb="0" cb="0"/><line nr="31" mi="0" ci="4" mb="0" cb="0"/><line nr="32" mi="4" ci="0" mb="0" cb="0"/><counter type="INSTRUCTION" missed="4" covered="56"/><counter type="BRANCH" missed="0" covered="2"/><counter type="LINE" missed="1" covered="18"/><counter type="COMPLEXITY" missed="1" covered="10"/><counter type="METHOD" missed="1" covered="9"/><counter type="CLASS" missed="0" covered="1"/></sourcefile><sourcefile name="ClienteRepository.java"><line nr="5" mi="0" ci="2" mb="0" cb="0"/><line nr="6" mi="0" ci="6" mb="0" cb="0"/><line nr="9" mi="0" ci="7" mb="0" cb="0"/><line nr="10" mi="0" ci="1" mb="0" cb="0"/><line nr="13" mi="0" ci="6" mb="0" cb="0"/><line nr="17" mi="7" ci="0" mb="0" cb="0"/><line nr="21" mi="5" ci="0" mb="0" cb="0"/><line nr="22" mi="1" ci="0" mb="0" cb="0"/><line nr="25" mi="7" ci="0" mb="0" cb="0"/><line nr="26" mi="1" ci="0" mb="0" cb="0"/><counter type="INSTRUCTION" missed="21" covered="22"/><counter type="LINE" missed="5" covered="5"/><counter type="COMPLEXITY" missed="3" covered="3"/><counter type="METHOD" missed="3" covered="3"/><counter type="CLASS" missed="0" covered="1"/></sourcefile><sourcefile name="Compra.java"><line nr="11" mi="0" ci="2" mb="0" cb="0"/><line nr="12" mi="0" ci="3" mb="0" cb="0"/><line nr="13" mi="0" ci="3" mb="0" cb="0"/><line nr="14" mi="0" ci="3" mb="0" cb="0"/><line nr="15" mi="0" ci="3" mb="0" cb="0"/><line nr="16" mi="0" ci="1" mb="0" cb="0"/><line nr="18" mi="3" ci="0" mb="0" cb="0"/><line nr="19" mi="0" ci="3" mb="0" cb="0"/><line nr="20" mi="0" ci="3" mb="0" cb="0"/><line nr="21" mi="0" ci="3" mb="0" cb="0"/><counter type="INSTRUCTION" missed="3" covered="24"/><counter type="LINE" missed="1" covered="9"/><counter type="COMPLEXITY" missed="1" covered="4"/><counter type="METHOD" missed="1" covered="4"/><counter type="CLASS" missed="0" covered="1"/></sourcefile><sourcefile name="FidelidadService.java"><line nr="10" mi="0" ci="2" mb="0" cb="0"/><line nr="11" mi="0" ci="3" mb="0" cb="0"/><line nr="12" mi="0" ci="5" mb="0" cb="0"/><line nr="13" mi="0" ci="1" mb="0" cb="0"/><line nr="16" mi="0" ci="6" mb="0" cb="0"/><line nr="17" mi="5" ci="2" mb="1" cb="1"/><line nr="20" mi="0" ci="9" mb="0" cb="0"/><line nr="21" mi="0" ci="9" mb="0" cb="0"/><line nr="24" mi="0" ci="6" mb="0" cb="0"/><line nr="25" mi="0" ci="4" mb="0" cb="0"/><line nr="26" mi="0" ci="6" mb="0" cb="0"/><line nr="29" mi="0" ci="7" mb="0" cb="0"/><line nr="30" mi="0" ci="4" mb="0" cb="0"/><line nr="31" mi="0" ci="7" mb="0" cb="0"/><line nr="32" mi="0" ci="2" mb="0" cb="0"/><line nr="34" mi="0" ci="4" mb="0" cb="2"/><line nr="35" mi="0" ci="1" mb="0" cb="0"/><line nr="39" mi="0" ci="5" mb="0" cb="0"/><line nr="40" mi="0" ci="3" mb="0" cb="0"/><line nr="41" mi="0" ci="4" mb="0" cb="0"/><line nr="42" mi="0" ci="1" mb="0" cb="0"/><counter type="INSTRUCTION" missed="5" covered="91"/><counter type="BRANCH" missed="1" covered="3"/><counter type="LINE" missed="0" covered="21"/><counter type="COMPLEXITY" missed="1" covered="4"/><counter type="METHOD" missed="0" covered="3"/><counter type="CLASS" missed="0" covered="1"/></sourcefile><sourcefile name="NivelFidelidad.java"><line nr="3" mi="0" ci="3" mb="0" cb="0"/><line nr="4" mi="0" ci="9" mb="0" cb="0"/><line nr="5" mi="0" ci="9" mb="0" cb="0"/><line nr="6" mi="0" ci="9" mb="0" cb="0"/><line nr="7" mi="0" ci="9" mb="0" cb="0"/><line nr="13" mi="0" ci="4" mb="0" cb="0"/><line nr="14" mi="0" ci="3" mb="0" cb="0"/><line nr="15" mi="0" ci="3" mb="0" cb="0"/><line nr="16" mi="0" ci="3" mb="0" cb="0"/><line nr="17" mi="0" ci="1" mb="0" cb="0"/><line nr="20" mi="0" ci="16" mb="1" cb="1"/><line nr="21" mi="0" ci="10" mb="1" cb="3"/><line nr="23" mi="2" ci="0" mb="0" cb="0"/><line nr="27" mi="0" ci="3" mb="0" cb="0"/><counter type="INSTRUCTION" missed="2" covered="82"/><counter type="BRANCH" missed="2" covered="4"/><counter type="LINE" missed="1" covered="13"/><counter type="COMPLEXITY" missed="2" covered="5"/><counter type="METHOD" missed="0" covered="4"/><counter type="CLASS" missed="0" covered="1"/></sourcefile><sourcefile name="App.java"><line nr="7" mi="3" ci="0" mb="0" cb="0"/><line nr="11" mi="3" ci="0" mb="0" cb="0"/><line nr="12" mi="1" ci="0" mb="0" cb="0"/><counter type="INSTRUCTION" missed="7" covered="0"/><counter type="LINE" missed="3" covered="0"/><counter type="COMPLEXITY" missed="2" covered="0"/><counter type="METHOD" missed="2" covered="0"/><counter type="CLASS" missed="1" covered="0"/></sourcefile><counter type="INSTRUCTION" missed="42" covered="275"/><counter type="BRANCH" missed="3" covered="9"/><counter type="LINE" missed="11" covered="66"/><counter type="COMPLEXITY" missed="10" covered="26"/><counter type="METHOD" missed="7" covered="23"/><counter type="CLASS" missed="1" covered="5"/></package><counter type="INSTRUCTION" missed="42" covered="275"/><counter type="BRANCH" missed="3" covered="9"/><counter type="LINE" missed="11" covered="66"/><counter type="COMPLEXITY" missed="10" covered="26"/><counter type="METHOD" missed="7" covered="23"/><counter type="CLASS" missed="1" covered="5"/></report>